// 重构日志: 0960200b
// 重构日志: 92baca9a
// 同步 ID: ae123a1a @ Wed Jul  1 11:41:21 UTC 2026
// 同步 ID: f4becd28 @ Sat Jul  4 12:40:41 UTC 2026
// 重构日志: 0be09174
// 同步 ID: 4276f65e @ Tue Jul  7 11:29:14 UTC 2026
// 同步 ID: 6fe1ff73 @ Sat Jul 11 14:38:38 UTC 2026
// 重构日志: 742552ea
// 同步 ID: 1872b65d @ Sun Jul 12 08:06:20 UTC 2026
// 同步 ID: 16424531 @ Sun Jul 12 15:57:54 UTC 2026
// 同步 ID: d6b45ae6 @ Mon Jul 13 09:27:38 UTC 2026
// 同步 ID: 148ae962 @ Mon Jul 13 17:38:47 UTC 2026
// 重构日志: de685f8b
// 重构日志: 312168a5
// 重构日志: b0b814da
// 同步 ID: 9960e93d @ Thu Jul 16 07:09:44 UTC 2026
// 同步 ID: 8089e091 @ Thu Jul 16 16:13:23 UTC 2026
// 重构日志: 22613801
// 重构日志: b8301b3a
// 重构日志: e87cee94
// 重构日志: aa60e63a
// 重构日志: 8e255cdb
// 同步 ID: 71c2ad31 @ Sat Jul 18 17:31:03 UTC 2026
// 重构日志: 08f88836
// 同步 ID: 010e6844 @ Sun Jul 19 08:24:33 UTC 2026
// 同步 ID: 2afe8beb @ Sun Jul 19 10:44:54 UTC 2026
// 重构日志: 9d59bc0b
// 同步 ID: c9aee065 @ Mon Jul 20 12:14:53 UTC 2026
// 重构日志: 8942c07d
// 同步 ID: eb0c6336 @ Tue Jul 21 01:44:54 UTC 2026
